Determining if the pthread_create exist failed with the following output:
Change Dir: /home/tomcook/ros_ws/src/kuka_experimental/kuka_kr10_support/CMakeFiles/CMakeTmp

Run Build Command:/usr/bin/make "cmTryCompileExec1409757320/fast"
/usr/bin/make -f CMakeFiles/cmTryCompileExec1409757320.dir/build.make CMakeFiles/cmTryCompileExec1409757320.dir/build
make[1]: Entering directory `/home/tomcook/ros_ws/src/kuka_experimental/kuka_kr10_support/CMakeFiles/CMakeTmp'
/usr/bin/cmake -E cmake_progress_report /home/tomcook/ros_ws/src/kuka_experimental/kuka_kr10_support/CMakeFiles/CMakeTmp/CMakeFiles 1
Building C object CMakeFiles/cmTryCompileExec1409757320.dir/CheckSymbolExists.c.o
/usr/bin/cc    -o CMakeFiles/cmTryCompileExec1409757320.dir/CheckSymbolExists.c.o   -c /home/tomcook/ros_ws/src/kuka_experimental/kuka_kr10_support/CMakeFiles/CMakeTmp/CheckSymbolExists.c
Linking C executable cmTryCompileExec1409757320
/usr/bin/cmake -E cmake_link_script CMakeFiles/cmTryCompileExec1409757320.dir/link.txt --verbose=1
/usr/bin/cc       CMakeFiles/cmTryCompileExec1409757320.dir/CheckSymbolExists.c.o  -o cmTryCompileExec1409757320 -rdynamic 
CMakeFiles/cmTryCompileExec1409757320.dir/CheckSymbolExists.c.o: In function `main':
CheckSymbolExists.c:(.text+0x16): undefined reference to `pthread_create'
collect2: error: ld returned 1 exit status
make[1]: *** [cmTryCompileExec1409757320] Error 1
make[1]: Leaving directory `/home/tomcook/ros_ws/src/kuka_experimental/kuka_kr10_support/CMakeFiles/CMakeTmp'
make: *** [cmTryCompileExec1409757320/fast] Error 2

File /home/tomcook/ros_ws/src/kuka_experimental/kuka_kr10_support/CMakeFiles/CMakeTmp/CheckSymbolExists.c:
/* */
#include <pthread.h>

int main(int argc, char** argv)
{
  (void)argv;
#ifndef pthread_create
  return ((int*)(&pthread_create))[argc];
#else
  (void)argc;
  return 0;
#endif
}

Determining if the function pthread_create exists in the pthreads failed with the following output:
Change Dir: /home/tomcook/ros_ws/src/kuka_experimental/kuka_kr10_support/CMakeFiles/CMakeTmp

Run Build Command:/usr/bin/make "cmTryCompileExec1427037347/fast"
/usr/bin/make -f CMakeFiles/cmTryCompileExec1427037347.dir/build.make CMakeFiles/cmTryCompileExec1427037347.dir/build
make[1]: Entering directory `/home/tomcook/ros_ws/src/kuka_experimental/kuka_kr10_support/CMakeFiles/CMakeTmp'
/usr/bin/cmake -E cmake_progress_report /home/tomcook/ros_ws/src/kuka_experimental/kuka_kr10_support/CMakeFiles/CMakeTmp/CMakeFiles 1
Building C object CMakeFiles/cmTryCompileExec1427037347.dir/CheckFunctionExists.c.o
/usr/bin/cc   -DCHECK_FUNCTION_EXISTS=pthread_create   -o CMakeFiles/cmTryCompileExec1427037347.dir/CheckFunctionExists.c.o   -c /usr/share/cmake-2.8/Modules/CheckFunctionExists.c
Linking C executable cmTryCompileExec1427037347
/usr/bin/cmake -E cmake_link_script CMakeFiles/cmTryCompileExec1427037347.dir/link.txt --verbose=1
/usr/bin/cc   -DCHECK_FUNCTION_EXISTS=pthread_create    CMakeFiles/cmTryCompileExec1427037347.dir/CheckFunctionExists.c.o  -o cmTryCompileExec1427037347 -rdynamic -lpthreads 
/usr/bin/ld: cannot find -lpthreads
collect2: error: ld returned 1 exit status
make[1]: Leaving directory `/home/tomcook/ros_ws/src/kuka_experimental/kuka_kr10_support/CMakeFiles/CMakeTmp'
make[1]: *** [cmTryCompileExec1427037347] Error 1
make: *** [cmTryCompileExec1427037347/fast] Error 2


Determining if the Q_WS_WIN exist failed with the following output:
Change Dir: /home/tomcook/ros_ws/src/kuka_experimental/kuka_kr10_support/CMakeFiles/CMakeTmp

Run Build Command:/usr/bin/make "cmTryCompileExec3449701979/fast"
/usr/bin/make -f CMakeFiles/cmTryCompileExec3449701979.dir/build.make CMakeFiles/cmTryCompileExec3449701979.dir/build
make[1]: Entering directory `/home/tomcook/ros_ws/src/kuka_experimental/kuka_kr10_support/CMakeFiles/CMakeTmp'
/usr/bin/cmake -E cmake_progress_report /home/tomcook/ros_ws/src/kuka_experimental/kuka_kr10_support/CMakeFiles/CMakeTmp/CMakeFiles 1
Building CXX object CMakeFiles/cmTryCompileExec3449701979.dir/CheckSymbolExists.cxx.o
/usr/bin/c++    -I/usr/include/qt4    -o CMakeFiles/cmTryCompileExec3449701979.dir/CheckSymbolExists.cxx.o -c /home/tomcook/ros_ws/src/kuka_experimental/kuka_kr10_support/CMakeFiles/CMakeTmp/CheckSymbolExists.cxx
/home/tomcook/ros_ws/src/kuka_experimental/kuka_kr10_support/CMakeFiles/CMakeTmp/CheckSymbolExists.cxx: In function ‘int main(int, char**)’:
/home/tomcook/ros_ws/src/kuka_experimental/kuka_kr10_support/CMakeFiles/CMakeTmp/CheckSymbolExists.cxx:8:19: error: ‘Q_WS_WIN’ was not declared in this scope
   return ((int*)(&Q_WS_WIN))[argc];
                   ^
make[1]: Leaving directory `/home/tomcook/ros_ws/src/kuka_experimental/kuka_kr10_support/CMakeFiles/CMakeTmp'
make[1]: *** [CMakeFiles/cmTryCompileExec3449701979.dir/CheckSymbolExists.cxx.o] Error 1
make: *** [cmTryCompileExec3449701979/fast] Error 2

File /home/tomcook/ros_ws/src/kuka_experimental/kuka_kr10_support/CMakeFiles/CMakeTmp/CheckSymbolExists.cxx:
/* */
#include <QtCore/qglobal.h>

int main(int argc, char** argv)
{
  (void)argv;
#ifndef Q_WS_WIN
  return ((int*)(&Q_WS_WIN))[argc];
#else
  (void)argc;
  return 0;
#endif
}

Determining if the Q_WS_QWS exist failed with the following output:
Change Dir: /home/tomcook/ros_ws/src/kuka_experimental/kuka_kr10_support/CMakeFiles/CMakeTmp

Run Build Command:/usr/bin/make "cmTryCompileExec1621512781/fast"
/usr/bin/make -f CMakeFiles/cmTryCompileExec1621512781.dir/build.make CMakeFiles/cmTryCompileExec1621512781.dir/build
make[1]: Entering directory `/home/tomcook/ros_ws/src/kuka_experimental/kuka_kr10_support/CMakeFiles/CMakeTmp'
/usr/bin/cmake -E cmake_progress_report /home/tomcook/ros_ws/src/kuka_experimental/kuka_kr10_support/CMakeFiles/CMakeTmp/CMakeFiles 1
Building CXX object CMakeFiles/cmTryCompileExec1621512781.dir/CheckSymbolExists.cxx.o
/usr/bin/c++    -I/usr/include/qt4    -o CMakeFiles/cmTryCompileExec1621512781.dir/CheckSymbolExists.cxx.o -c /home/tomcook/ros_ws/src/kuka_experimental/kuka_kr10_support/CMakeFiles/CMakeTmp/CheckSymbolExists.cxx
/home/tomcook/ros_ws/src/kuka_experimental/kuka_kr10_support/CMakeFiles/CMakeTmp/CheckSymbolExists.cxx: In function ‘int main(int, char**)’:
/home/tomcook/ros_ws/src/kuka_experimental/kuka_kr10_support/CMakeFiles/CMakeTmp/CheckSymbolExists.cxx:8:19: error: ‘Q_WS_QWS’ was not declared in this scope
   return ((int*)(&Q_WS_QWS))[argc];
                   ^
make[1]: Leaving directory `/home/tomcook/ros_ws/src/kuka_experimental/kuka_kr10_support/CMakeFiles/CMakeTmp'
make[1]: *** [CMakeFiles/cmTryCompileExec1621512781.dir/CheckSymbolExists.cxx.o] Error 1
make: *** [cmTryCompileExec1621512781/fast] Error 2

File /home/tomcook/ros_ws/src/kuka_experimental/kuka_kr10_support/CMakeFiles/CMakeTmp/CheckSymbolExists.cxx:
/* */
#include <QtCore/qglobal.h>

int main(int argc, char** argv)
{
  (void)argv;
#ifndef Q_WS_QWS
  return ((int*)(&Q_WS_QWS))[argc];
#else
  (void)argc;
  return 0;
#endif
}

Determining if the Q_WS_MAC exist failed with the following output:
Change Dir: /home/tomcook/ros_ws/src/kuka_experimental/kuka_kr10_support/CMakeFiles/CMakeTmp

Run Build Command:/usr/bin/make "cmTryCompileExec1036752103/fast"
/usr/bin/make -f CMakeFiles/cmTryCompileExec1036752103.dir/build.make CMakeFiles/cmTryCompileExec1036752103.dir/build
make[1]: Entering directory `/home/tomcook/ros_ws/src/kuka_experimental/kuka_kr10_support/CMakeFiles/CMakeTmp'
/usr/bin/cmake -E cmake_progress_report /home/tomcook/ros_ws/src/kuka_experimental/kuka_kr10_support/CMakeFiles/CMakeTmp/CMakeFiles 1
Building CXX object CMakeFiles/cmTryCompileExec1036752103.dir/CheckSymbolExists.cxx.o
/usr/bin/c++    -I/usr/include/qt4    -o CMakeFiles/cmTryCompileExec1036752103.dir/CheckSymbolExists.cxx.o -c /home/tomcook/ros_ws/src/kuka_experimental/kuka_kr10_support/CMakeFiles/CMakeTmp/CheckSymbolExists.cxx
/home/tomcook/ros_ws/src/kuka_experimental/kuka_kr10_support/CMakeFiles/CMakeTmp/CheckSymbolExists.cxx: In function ‘int main(int, char**)’:
/home/tomcook/ros_ws/src/kuka_experimental/kuka_kr10_support/CMakeFiles/CMakeTmp/CheckSymbolExists.cxx:8:19: error: ‘Q_WS_MAC’ was not declared in this scope
   return ((int*)(&Q_WS_MAC))[argc];
                   ^
make[1]: *** [CMakeFiles/cmTryCompileExec1036752103.dir/CheckSymbolExists.cxx.o] Error 1
make[1]: Leaving directory `/home/tomcook/ros_ws/src/kuka_experimental/kuka_kr10_support/CMakeFiles/CMakeTmp'
make: *** [cmTryCompileExec1036752103/fast] Error 2

File /home/tomcook/ros_ws/src/kuka_experimental/kuka_kr10_support/CMakeFiles/CMakeTmp/CheckSymbolExists.cxx:
/* */
#include <QtCore/qglobal.h>

int main(int argc, char** argv)
{
  (void)argv;
#ifndef Q_WS_MAC
  return ((int*)(&Q_WS_MAC))[argc];
#else
  (void)argc;
  return 0;
#endif
}

